# JRE version: Java(TM) SE Runtime Environment (17.0.16+12) (build 17.0.16+12-LTS-247)
# Java VM: Java HotSpot(TM) 64-Bit Server VM (17.0.16+12-LTS-247, mixed mode, sharing, tiered, compressed oops, compressed class ptrs, g1 gc, windows-amd64)
GC Precious Log:
 CPUs: 8 total, 8 available
 Memory: 15761M
 Large Page Support: Disabled
 NUMA Support: Disabled
 Compressed Oops: Enabled (Zero based)
 Heap Region Size: 2M
 Heap Min Capacity: 8M
 Heap Initial Capacity: 8M
 Heap Max Capacity: 3942M
 Pre-touch: Disabled
 Parallel Workers: 8
 Concurrent Workers: 2
 Concurrent Refinement Workers: 8
 Periodic GC: Disabled
Heap:
 garbage-first heap   total 45056K, used 22936K [0x0000000709a00000, 0x0000000800000000)
  region size 2048K, 1 young (2048K), 1 survivors (2048K)
 Metaspace       used 8356K, committed 8512K, reserved 1114112K
  class space    used 906K, committed 1024K, reserved 1048576K
GC Heap History (20 events):
Event: 0.845 GC heap after
{Heap after GC invocations=10 (full 0):
 garbage-first heap   total 12288K, used 6070K [0x0000000709a00000, 0x0000000800000000)
  region size 2048K, 1 young (2048K), 1 survivors (2048K)
 Metaspace       used 7475K, committed 7616K, reserved 1114112K
  class space    used 858K, committed 896K, reserved 1048576K
}
Event: 0.940 GC heap before
{Heap before GC invocations=10 (full 0):
 garbage-first heap   total 12288K, used 6070K [0x0000000709a00000, 0x0000000800000000)
  region size 2048K, 2 young (4096K), 1 survivors (2048K)
 Metaspace       used 8138K, committed 8320K, reserved 1114112K
  class space    used 899K, committed 1024K, reserved 1048576K
}
Event: 0.942 GC heap after
{Heap after GC invocations=11 (full 0):
 garbage-first heap   total 12288K, used 6361K [0x0000000709a00000, 0x0000000800000000)
  region size 2048K, 1 young (2048K), 1 survivors (2048K)
 Metaspace       used 8138K, committed 8320K, reserved 1114112K
  class space    used 899K, committed 1024K, reserved 1048576K
}
Event: 0.973 GC heap before
{Heap before GC invocations=12 (full 0):
 garbage-first heap   total 18432K, used 8409K [0x0000000709a00000, 0x0000000800000000)
  region size 2048K, 2 young (4096K), 1 survivors (2048K)
 Metaspace       used 8188K, committed 8384K, reserved 1114112K
  class space    used 903K, committed 1024K, reserved 1048576K
}
Event: 0.976 GC heap after
{Heap after GC invocations=13 (full 0):
 garbage-first heap   total 26624K, used 7006K [0x0000000709a00000, 0x0000000800000000)
  region size 2048K, 1 young (2048K), 1 survivors (2048K)
 Metaspace       used 8188K, committed 8384K, reserved 1114112K
  class space    used 903K, committed 1024K, reserved 1048576K
}
Event: 1.042 GC heap before
{Heap before GC invocations=13 (full 0):
 garbage-first heap   total 26624K, used 13150K [0x0000000709a00000, 0x0000000800000000)
  region size 2048K, 4 young (8192K), 1 survivors (2048K)
 Metaspace       used 8267K, committed 8512K, reserved 1114112K
  class space    used 903K, committed 1024K, reserved 1048576K
}
Event: 1.044 GC heap after
{Heap after GC invocations=14 (full 0):
 garbage-first heap   total 26624K, used 8378K [0x0000000709a00000, 0x0000000800000000)
  region size 2048K, 1 young (2048K), 1 survivors (2048K)
 Metaspace       used 8267K, committed 8512K, reserved 1114112K
  class space    used 903K, committed 1024K, reserved 1048576K
}
Event: 1.078 GC heap before
{Heap before GC invocations=14 (full 0):
 garbage-first heap   total 26624K, used 10426K [0x0000000709a00000, 0x0000000800000000)
  region size 2048K, 3 young (6144K), 1 survivors (2048K)
 Metaspace       used 8294K, committed 8512K, reserved 1114112K
  class space    used 904K, committed 1024K, reserved 1048576K
}
Event: 1.081 GC heap after
{Heap after GC invocations=15 (full 0):
 garbage-first heap   total 26624K, used 9115K [0x0000000709a00000, 0x0000000800000000)
  region size 2048K, 1 young (2048K), 1 survivors (2048K)
 Metaspace       used 8294K, committed 8512K, reserved 1114112K
  class space    used 904K, committed 1024K, reserved 1048576K
}
Event: 1.121 GC heap before
{Heap before GC invocations=15 (full 0):
 garbage-first heap   total 26624K, used 13211K [0x0000000709a00000, 0x0000000800000000)
  region size 2048K, 3 young (6144K), 1 survivors (2048K)
 Metaspace       used 8304K, committed 8512K, reserved 1114112K
  class space    used 904K, committed 1024K, reserved 1048576K
}
Event: 1.123 GC heap after
{Heap after GC invocations=16 (full 0):
 garbage-first heap   total 26624K, used 10442K [0x0000000709a00000, 0x0000000800000000)
  region size 2048K, 1 young (2048K), 1 survivors (2048K)
 Metaspace       used 8304K, committed 8512K, reserved 1114112K
  class space    used 904K, committed 1024K, reserved 1048576K
}
Event: 1.147 GC heap before
{Heap before GC invocations=16 (full 0):
 garbage-first heap   total 26624K, used 12490K [0x0000000709a00000, 0x0000000800000000)
  region size 2048K, 3 young (6144K), 1 survivors (2048K)
 Metaspace       used 8307K, committed 8512K, reserved 1114112K
  class space    used 904K, committed 1024K, reserved 1048576K
}
Event: 1.150 GC heap after
{Heap after GC invocations=17 (full 0):
 garbage-first heap   total 45056K, used 11031K [0x0000000709a00000, 0x0000000800000000)
  region size 2048K, 1 young (2048K), 1 survivors (2048K)
 Metaspace       used 8307K, committed 8512K, reserved 1114112K
  class space    used 904K, committed 1024K, reserved 1048576K
}
Event: 1.300 GC heap before
{Heap before GC invocations=17 (full 0):
 garbage-first heap   total 45056K, used 23319K [0x0000000709a00000, 0x0000000800000000)
  region size 2048K, 8 young (16384K), 1 survivors (2048K)
 Metaspace       used 8330K, committed 8512K, reserved 1114112K
  class space    used 906K, committed 1024K, reserved 1048576K
}
Event: 1.305 GC heap after
{Heap after GC invocations=18 (full 0):
 garbage-first heap   total 45056K, used 14057K [0x0000000709a00000, 0x0000000800000000)
  region size 2048K, 1 young (2048K), 1 survivors (2048K)
 Metaspace       used 8330K, committed 8512K, reserved 1114112K
  class space    used 906K, committed 1024K, reserved 1048576K
}
Event: 1.449 GC heap before
{Heap before GC invocations=18 (full 0):
 garbage-first heap   total 45056K, used 28393K [0x0000000709a00000, 0x0000000800000000)
  region size 2048K, 7 young (14336K), 1 survivors (2048K)
 Metaspace       used 8353K, committed 8512K, reserved 1114112K
  class space    used 906K, committed 1024K, reserved 1048576K
}
Event: 1.455 GC heap after
{Heap after GC invocations=19 (full 0):
 garbage-first heap   total 45056K, used 19577K [0x0000000709a00000, 0x0000000800000000)
  region size 2048K, 1 young (2048K), 1 survivors (2048K)
 Metaspace       used 8353K, committed 8512K, reserved 1114112K
  class space    used 906K, committed 1024K, reserved 1048576K
}
Event: 1.494 GC heap before
{Heap before GC invocations=19 (full 0):
 garbage-first heap   total 45056K, used 27769K [0x0000000709a00000, 0x0000000800000000)
  region size 2048K, 5 young (10240K), 1 survivors (2048K)
 Metaspace       used 8356K, committed 8512K, reserved 1114112K
  class space    used 906K, committed 1024K, reserved 1048576K
}
Event: 1.499 GC heap after
{Heap after GC invocations=20 (full 0):
 garbage-first heap   total 45056K, used 22067K [0x0000000709a00000, 0x0000000800000000)
  region size 2048K, 1 young (2048K), 1 survivors (2048K)
 Metaspace       used 8356K, committed 8512K, reserved 1114112K
  class space    used 906K, committed 1024K, reserved 1048576K
}
Event: 1.512 GC heap before
{Heap before GC invocations=20 (full 0):
 garbage-first heap   total 45056K, used 24115K [0x0000000709a00000, 0x0000000800000000)
  region size 2048K, 3 young (6144K), 1 survivors (2048K)
 Metaspace       used 8356K, committed 8512K, reserved 1114112K
  class space    used 906K, committed 1024K, reserved 1048576K
}

