# JRE version: Java(TM) SE Runtime Environment (17.0.16+12) (build 17.0.16+12-LTS-247)
# Java VM: Java HotSpot(TM) 64-Bit Server VM (17.0.16+12-LTS-247, mixed mode, sharing, tiered, compressed oops, compressed class ptrs, g1 gc, windows-amd64)
GC Precious Log:
 CPUs: 8 total, 8 available
 Memory: 15761M
 Large Page Support: Disabled
 NUMA Support: Disabled
 Compressed Oops: Enabled (Zero based)
 Heap Region Size: 2M
 Heap Min Capacity: 8M
 Heap Initial Capacity: 8M
 Heap Max Capacity: 3942M
 Pre-touch: Disabled
 Parallel Workers: 8
 Concurrent Workers: 2
 Concurrent Refinement Workers: 8
 Periodic GC: Disabled
Heap:
 garbage-first heap   total 65536K, used 38072K [0x0000000709a00000, 0x0000000800000000)
  region size 2048K, 1 young (2048K), 1 survivors (2048K)
 Metaspace       used 8385K, committed 8640K, reserved 1114112K
  class space    used 907K, committed 1024K, reserved 1048576K
GC Heap History (20 events):
Event: 4.765 GC heap after
{Heap after GC invocations=20 (full 0):
 garbage-first heap   total 43008K, used 12708K [0x0000000709a00000, 0x0000000800000000)
  region size 2048K, 1 young (2048K), 1 survivors (2048K)
 Metaspace       used 8344K, committed 8512K, reserved 1114112K
  class space    used 906K, committed 1024K, reserved 1048576K
}
Event: 4.977 GC heap before
{Heap before GC invocations=20 (full 0):
 garbage-first heap   total 43008K, used 22948K [0x0000000709a00000, 0x0000000800000000)
  region size 2048K, 6 young (12288K), 1 survivors (2048K)
 Metaspace       used 8345K, committed 8512K, reserved 1114112K
  class space    used 906K, committed 1024K, reserved 1048576K
}
Event: 4.988 GC heap after
{Heap after GC invocations=21 (full 0):
 garbage-first heap   total 43008K, used 15190K [0x0000000709a00000, 0x0000000800000000)
  region size 2048K, 1 young (2048K), 1 survivors (2048K)
 Metaspace       used 8345K, committed 8512K, reserved 1114112K
  class space    used 906K, committed 1024K, reserved 1048576K
}
Event: 5.377 GC heap before
{Heap before GC invocations=21 (full 0):
 garbage-first heap   total 43008K, used 27478K [0x0000000709a00000, 0x0000000800000000)
  region size 2048K, 6 young (12288K), 1 survivors (2048K)
 Metaspace       used 8359K, committed 8512K, reserved 1114112K
  class space    used 907K, committed 1024K, reserved 1048576K
}
Event: 5.388 GC heap after
{Heap after GC invocations=22 (full 0):
 garbage-first heap   total 43008K, used 20824K [0x0000000709a00000, 0x0000000800000000)
  region size 2048K, 1 young (2048K), 1 survivors (2048K)
 Metaspace       used 8359K, committed 8512K, reserved 1114112K
  class space    used 907K, committed 1024K, reserved 1048576K
}
Event: 5.520 GC heap before
{Heap before GC invocations=22 (full 0):
 garbage-first heap   total 43008K, used 26968K [0x0000000709a00000, 0x0000000800000000)
  region size 2048K, 4 young (8192K), 1 survivors (2048K)
 Metaspace       used 8364K, committed 8576K, reserved 1114112K
  class space    used 907K, committed 1024K, reserved 1048576K
}
Event: 5.534 GC heap after
{Heap after GC invocations=23 (full 0):
 garbage-first heap   total 55296K, used 21891K [0x0000000709a00000, 0x0000000800000000)
  region size 2048K, 1 young (2048K), 1 survivors (2048K)
 Metaspace       used 8364K, committed 8576K, reserved 1114112K
  class space    used 907K, committed 1024K, reserved 1048576K
}
Event: 5.734 GC heap before
{Heap before GC invocations=24 (full 0):
 garbage-first heap   total 55296K, used 40323K [0x0000000709a00000, 0x0000000800000000)
  region size 2048K, 8 young (16384K), 1 survivors (2048K)
 Metaspace       used 8365K, committed 8576K, reserved 1114112K
  class space    used 907K, committed 1024K, reserved 1048576K
}
Event: 5.748 GC heap after
{Heap after GC invocations=25 (full 0):
 garbage-first heap   total 55296K, used 26772K [0x0000000709a00000, 0x0000000800000000)
  region size 2048K, 1 young (2048K), 1 survivors (2048K)
 Metaspace       used 8365K, committed 8576K, reserved 1114112K
  class space    used 907K, committed 1024K, reserved 1048576K
}
Event: 5.764 GC heap before
{Heap before GC invocations=25 (full 0):
 garbage-first heap   total 55296K, used 30868K [0x0000000709a00000, 0x0000000800000000)
  region size 2048K, 2 young (4096K), 1 survivors (2048K)
 Metaspace       used 8365K, committed 8576K, reserved 1114112K
  class space    used 907K, committed 1024K, reserved 1048576K
}
Event: 5.780 GC heap after
{Heap after GC invocations=26 (full 0):
 garbage-first heap   total 55296K, used 26617K [0x0000000709a00000, 0x0000000800000000)
  region size 2048K, 1 young (2048K), 1 survivors (2048K)
 Metaspace       used 8365K, committed 8576K, reserved 1114112K
  class space    used 907K, committed 1024K, reserved 1048576K
}
Event: 5.832 GC heap before
{Heap before GC invocations=26 (full 0):
 garbage-first heap   total 55296K, used 30713K [0x0000000709a00000, 0x0000000800000000)
  region size 2048K, 4 young (8192K), 1 survivors (2048K)
 Metaspace       used 8366K, committed 8576K, reserved 1114112K
  class space    used 907K, committed 1024K, reserved 1048576K
}
Event: 5.837 GC heap after
{Heap after GC invocations=27 (full 0):
 garbage-first heap   total 55296K, used 28927K [0x0000000709a00000, 0x0000000800000000)
  region size 2048K, 1 young (2048K), 1 survivors (2048K)
 Metaspace       used 8366K, committed 8576K, reserved 1114112K
  class space    used 907K, committed 1024K, reserved 1048576K
}
Event: 5.957 GC heap before
{Heap before GC invocations=28 (full 0):
 garbage-first heap   total 59392K, used 37119K [0x0000000709a00000, 0x0000000800000000)
  region size 2048K, 5 young (10240K), 1 survivors (2048K)
 Metaspace       used 8376K, committed 8576K, reserved 1114112K
  class space    used 907K, committed 1024K, reserved 1048576K
}
Event: 5.966 GC heap after
{Heap after GC invocations=29 (full 0):
 garbage-first heap   total 59392K, used 30481K [0x0000000709a00000, 0x0000000800000000)
  region size 2048K, 1 young (2048K), 1 survivors (2048K)
 Metaspace       used 8376K, committed 8576K, reserved 1114112K
  class space    used 907K, committed 1024K, reserved 1048576K
}
Event: 6.116 GC heap before
{Heap before GC invocations=29 (full 0):
 garbage-first heap   total 59392K, used 36625K [0x0000000709a00000, 0x0000000800000000)
  region size 2048K, 6 young (12288K), 1 survivors (2048K)
 Metaspace       used 8377K, committed 8576K, reserved 1114112K
  class space    used 907K, committed 1024K, reserved 1048576K
}
Event: 6.126 GC heap after
{Heap after GC invocations=30 (full 0):
 garbage-first heap   total 59392K, used 33572K [0x0000000709a00000, 0x0000000800000000)
  region size 2048K, 1 young (2048K), 1 survivors (2048K)
 Metaspace       used 8377K, committed 8576K, reserved 1114112K
  class space    used 907K, committed 1024K, reserved 1048576K
}
Event: 7.266 GC heap before
{Heap before GC invocations=31 (full 0):
 garbage-first heap   total 65536K, used 41764K [0x0000000709a00000, 0x0000000800000000)
  region size 2048K, 5 young (10240K), 1 survivors (2048K)
 Metaspace       used 8381K, committed 8640K, reserved 1114112K
  class space    used 907K, committed 1024K, reserved 1048576K
}
Event: 7.272 GC heap after
{Heap after GC invocations=32 (full 0):
 garbage-first heap   total 65536K, used 36114K [0x0000000709a00000, 0x0000000800000000)
  region size 2048K, 1 young (2048K), 1 survivors (2048K)
 Metaspace       used 8381K, committed 8640K, reserved 1114112K
  class space    used 907K, committed 1024K, reserved 1048576K
}
Event: 7.333 GC heap before
{Heap before GC invocations=32 (full 0):
 garbage-first heap   total 65536K, used 46354K [0x0000000709a00000, 0x0000000800000000)
  region size 2048K, 6 young (12288K), 1 survivors (2048K)
 Metaspace       used 8385K, committed 8640K, reserved 1114112K
  class space    used 907K, committed 1024K, reserved 1048576K
}

