# JRE version: Java(TM) SE Runtime Environment (17.0.16+12) (build 17.0.16+12-LTS-247)
# Java VM: Java HotSpot(TM) 64-Bit Server VM (17.0.16+12-LTS-247, mixed mode, sharing, tiered, compressed oops, compressed class ptrs, g1 gc, windows-amd64)
GC Precious Log:
 CPUs: 8 total, 8 available
 Memory: 15761M
 Large Page Support: Disabled
 NUMA Support: Disabled
 Compressed Oops: Enabled (Zero based)
 Heap Region Size: 2M
 Heap Min Capacity: 8M
 Heap Initial Capacity: 8M
 Heap Max Capacity: 3942M
 Pre-touch: Disabled
 Parallel Workers: 8
 Concurrent Workers: 2
 Concurrent Refinement Workers: 8
 Periodic GC: Disabled
Heap:
 garbage-first heap   total 231424K, used 99838K [0x0000000709a00000, 0x0000000800000000)
  region size 2048K, 20 young (40960K), 4 survivors (8192K)
 Metaspace       used 13020K, committed 13248K, reserved 1114112K
  class space    used 1293K, committed 1408K, reserved 1048576K
GC Heap History (20 events):
Event: 6.197 GC heap before
{Heap before GC invocations=21 (full 0):
 garbage-first heap   total 69632K, used 47219K [0x0000000709a00000, 0x0000000800000000)
  region size 2048K, 11 young (22528K), 1 survivors (2048K)
 Metaspace       used 8391K, committed 8576K, reserved 1114112K
  class space    used 906K, committed 1024K, reserved 1048576K
}
Event: 6.204 GC heap after
{Heap after GC invocations=22 (full 0):
 garbage-first heap   total 69632K, used 29731K [0x0000000709a00000, 0x0000000800000000)
  region size 2048K, 2 young (4096K), 2 survivors (4096K)
 Metaspace       used 8391K, committed 8576K, reserved 1114112K
  class space    used 906K, committed 1024K, reserved 1048576K
}
Event: 6.298 GC heap before
{Heap before GC invocations=22 (full 0):
 garbage-first heap   total 69632K, used 46115K [0x0000000709a00000, 0x0000000800000000)
  region size 2048K, 10 young (20480K), 2 survivors (4096K)
 Metaspace       used 8402K, committed 8640K, reserved 1114112K
  class space    used 906K, committed 1024K, reserved 1048576K
}
Event: 6.306 GC heap after
{Heap after GC invocations=23 (full 0):
 garbage-first heap   total 69632K, used 32735K [0x0000000709a00000, 0x0000000800000000)
  region size 2048K, 2 young (4096K), 2 survivors (4096K)
 Metaspace       used 8402K, committed 8640K, reserved 1114112K
  class space    used 906K, committed 1024K, reserved 1048576K
}
Event: 6.365 GC heap before
{Heap before GC invocations=23 (full 0):
 garbage-first heap   total 69632K, used 47071K [0x0000000709a00000, 0x0000000800000000)
  region size 2048K, 9 young (18432K), 2 survivors (4096K)
 Metaspace       used 8407K, committed 8640K, reserved 1114112K
  class space    used 906K, committed 1024K, reserved 1048576K
}
Event: 6.371 GC heap after
{Heap after GC invocations=24 (full 0):
 garbage-first heap   total 69632K, used 36653K [0x0000000709a00000, 0x0000000800000000)
  region size 2048K, 2 young (4096K), 2 survivors (4096K)
 Metaspace       used 8407K, committed 8640K, reserved 1114112K
  class space    used 906K, committed 1024K, reserved 1048576K
}
Event: 6.440 GC heap before
{Heap before GC invocations=24 (full 0):
 garbage-first heap   total 69632K, used 46893K [0x0000000709a00000, 0x0000000800000000)
  region size 2048K, 8 young (16384K), 2 survivors (4096K)
 Metaspace       used 8411K, committed 8640K, reserved 1114112K
  class space    used 906K, committed 1024K, reserved 1048576K
}
Event: 6.447 GC heap after
{Heap after GC invocations=25 (full 0):
 garbage-first heap   total 139264K, used 39453K [0x0000000709a00000, 0x0000000800000000)
  region size 2048K, 1 young (2048K), 1 survivors (2048K)
 Metaspace       used 8411K, committed 8640K, reserved 1114112K
  class space    used 906K, committed 1024K, reserved 1048576K
}
Event: 7.296 GC heap before
{Heap before GC invocations=26 (full 0):
 garbage-first heap   total 139264K, used 88605K [0x0000000709a00000, 0x0000000800000000)
  region size 2048K, 24 young (49152K), 1 survivors (2048K)
 Metaspace       used 9250K, committed 9408K, reserved 1114112K
  class space    used 998K, committed 1088K, reserved 1048576K
}
Event: 7.310 GC heap after
{Heap after GC invocations=27 (full 0):
 garbage-first heap   total 139264K, used 53229K [0x0000000709a00000, 0x0000000800000000)
  region size 2048K, 3 young (6144K), 3 survivors (6144K)
 Metaspace       used 9250K, committed 9408K, reserved 1114112K
  class space    used 998K, committed 1088K, reserved 1048576K
}
Event: 7.359 GC heap before
{Heap before GC invocations=27 (full 0):
 garbage-first heap   total 139264K, used 55277K [0x0000000709a00000, 0x0000000800000000)
  region size 2048K, 4 young (8192K), 3 survivors (6144K)
 Metaspace       used 9486K, committed 9600K, reserved 1114112K
  class space    used 1023K, committed 1088K, reserved 1048576K
}
Event: 7.370 GC heap after
{Heap after GC invocations=28 (full 0):
 garbage-first heap   total 139264K, used 54084K [0x0000000709a00000, 0x0000000800000000)
  region size 2048K, 1 young (2048K), 1 survivors (2048K)
 Metaspace       used 9486K, committed 9600K, reserved 1114112K
  class space    used 1023K, committed 1088K, reserved 1048576K
}
Event: 7.845 GC heap before
{Heap before GC invocations=28 (full 0):
 garbage-first heap   total 139264K, used 88900K [0x0000000709a00000, 0x0000000800000000)
  region size 2048K, 18 young (36864K), 1 survivors (2048K)
 Metaspace       used 10028K, committed 10176K, reserved 1114112K
  class space    used 1045K, committed 1088K, reserved 1048576K
}
Event: 7.859 GC heap after
{Heap after GC invocations=29 (full 0):
 garbage-first heap   total 139264K, used 60952K [0x0000000709a00000, 0x0000000800000000)
  region size 2048K, 3 young (6144K), 3 survivors (6144K)
 Metaspace       used 10028K, committed 10176K, reserved 1114112K
  class space    used 1045K, committed 1088K, reserved 1048576K
}
Event: 8.685 GC heap before
{Heap before GC invocations=29 (full 0):
 garbage-first heap   total 139264K, used 95768K [0x0000000709a00000, 0x0000000800000000)
  region size 2048K, 19 young (38912K), 3 survivors (6144K)
 Metaspace       used 11661K, committed 11840K, reserved 1114112K
  class space    used 1232K, committed 1344K, reserved 1048576K
}
Event: 8.704 GC heap after
{Heap after GC invocations=30 (full 0):
 garbage-first heap   total 139264K, used 66093K [0x0000000709a00000, 0x0000000800000000)
  region size 2048K, 2 young (4096K), 2 survivors (4096K)
 Metaspace       used 11661K, committed 11840K, reserved 1114112K
  class space    used 1232K, committed 1344K, reserved 1048576K
}
Event: 9.558 GC heap before
{Heap before GC invocations=30 (full 0):
 garbage-first heap   total 139264K, used 98861K [0x0000000709a00000, 0x0000000800000000)
  region size 2048K, 18 young (36864K), 2 survivors (4096K)
 Metaspace       used 12214K, committed 12416K, reserved 1114112K
  class space    used 1242K, committed 1344K, reserved 1048576K
}
Event: 9.570 GC heap after
{Heap after GC invocations=31 (full 0):
 garbage-first heap   total 231424K, used 67142K [0x0000000709a00000, 0x0000000800000000)
  region size 2048K, 3 young (6144K), 3 survivors (6144K)
 Metaspace       used 12214K, committed 12416K, reserved 1114112K
  class space    used 1242K, committed 1344K, reserved 1048576K
}
Event: 11.316 GC heap before
{Heap before GC invocations=32 (full 0):
 garbage-first heap   total 231424K, used 161350K [0x0000000709a00000, 0x0000000800000000)
  region size 2048K, 49 young (100352K), 3 survivors (6144K)
 Metaspace       used 12907K, committed 13184K, reserved 1114112K
  class space    used 1293K, committed 1408K, reserved 1048576K
}
Event: 11.329 GC heap after
{Heap after GC invocations=33 (full 0):
 garbage-first heap   total 231424K, used 69118K [0x0000000709a00000, 0x0000000800000000)
  region size 2048K, 4 young (8192K), 4 survivors (8192K)
 Metaspace       used 12907K, committed 13184K, reserved 1114112K
  class space    used 1293K, committed 1408K, reserved 1048576K
}

