# JRE version: OpenJDK Runtime Environment Temurin-17.0.12+7 (17.0.12+7) (build 17.0.12+7)
# Java VM: OpenJDK 64-Bit Server VM Temurin-17.0.12+7 (17.0.12+7, mixed mode, sharing, tiered, compressed oops, compressed class ptrs, g1 gc, windows-amd64)
GC Precious Log:
 CPUs: 8 total, 8 available
 Memory: 15761M
 Large Page Support: Disabled
 NUMA Support: Disabled
 Compressed Oops: Enabled (Zero based)
 Heap Region Size: 2M
 Heap Min Capacity: 8M
 Heap Initial Capacity: 248M
 Heap Max Capacity: 3942M
 Pre-touch: Disabled
 Parallel Workers: 8
 Concurrent Workers: 2
 Concurrent Refinement Workers: 8
 Periodic GC: Disabled
Heap:
 garbage-first heap   total 888832K, used 763603K [0x0000000709a00000, 0x0000000800000000)
  region size 2048K, 3 young (6144K), 3 survivors (6144K)
 Metaspace       used 79045K, committed 79808K, reserved 1179648K
  class space    used 9708K, committed 10048K, reserved 1048576K
GC Heap History (20 events):
Event: 303.465 GC heap after
{Heap after GC invocations=225 (full 0):
 garbage-first heap   total 888832K, used 684771K [0x0000000709a00000, 0x0000000800000000)
  region size 2048K, 2 young (4096K), 2 survivors (4096K)
 Metaspace       used 79009K, committed 79680K, reserved 1179648K
  class space    used 9702K, committed 10048K, reserved 1048576K
}
Event: 304.256 GC heap before
{Heap before GC invocations=225 (full 0):
 garbage-first heap   total 888832K, used 766691K [0x0000000709a00000, 0x0000000800000000)
  region size 2048K, 42 young (86016K), 2 survivors (4096K)
 Metaspace       used 79012K, committed 79680K, reserved 1179648K
  class space    used 9702K, committed 10048K, reserved 1048576K
}
Event: 304.270 GC heap after
{Heap after GC invocations=226 (full 0):
 garbage-first heap   total 888832K, used 688128K [0x0000000709a00000, 0x0000000800000000)
  region size 2048K, 4 young (8192K), 4 survivors (8192K)
 Metaspace       used 79012K, committed 79680K, reserved 1179648K
  class space    used 9702K, committed 10048K, reserved 1048576K
}
Event: 305.166 GC heap before
{Heap before GC invocations=226 (full 0):
 garbage-first heap   total 888832K, used 770048K [0x0000000709a00000, 0x0000000800000000)
  region size 2048K, 44 young (90112K), 4 survivors (8192K)
 Metaspace       used 79012K, committed 79680K, reserved 1179648K
  class space    used 9702K, committed 10048K, reserved 1048576K
}
Event: 305.184 GC heap after
{Heap after GC invocations=227 (full 0):
 garbage-first heap   total 888832K, used 695591K [0x0000000709a00000, 0x0000000800000000)
  region size 2048K, 6 young (12288K), 6 survivors (12288K)
 Metaspace       used 79012K, committed 79680K, reserved 1179648K
  class space    used 9702K, committed 10048K, reserved 1048576K
}
Event: 305.883 GC heap before
{Heap before GC invocations=227 (full 0):
 garbage-first heap   total 888832K, used 773415K [0x0000000709a00000, 0x0000000800000000)
  region size 2048K, 44 young (90112K), 6 survivors (12288K)
 Metaspace       used 79012K, committed 79680K, reserved 1179648K
  class space    used 9702K, committed 10048K, reserved 1048576K
}
Event: 305.900 GC heap after
{Heap after GC invocations=228 (full 0):
 garbage-first heap   total 888832K, used 700304K [0x0000000709a00000, 0x0000000800000000)
  region size 2048K, 6 young (12288K), 6 survivors (12288K)
 Metaspace       used 79012K, committed 79680K, reserved 1179648K
  class space    used 9702K, committed 10048K, reserved 1048576K
}
Event: 306.331 GC heap before
{Heap before GC invocations=228 (full 0):
 garbage-first heap   total 888832K, used 769936K [0x0000000709a00000, 0x0000000800000000)
  region size 2048K, 40 young (81920K), 6 survivors (12288K)
 Metaspace       used 79012K, committed 79680K, reserved 1179648K
  class space    used 9702K, committed 10048K, reserved 1048576K
}
Event: 306.347 GC heap after
{Heap after GC invocations=229 (full 0):
 garbage-first heap   total 888832K, used 704647K [0x0000000709a00000, 0x0000000800000000)
  region size 2048K, 5 young (10240K), 5 survivors (10240K)
 Metaspace       used 79012K, committed 79680K, reserved 1179648K
  class space    used 9702K, committed 10048K, reserved 1048576K
}
Event: 306.670 GC heap before
{Heap before GC invocations=229 (full 0):
 garbage-first heap   total 888832K, used 764039K [0x0000000709a00000, 0x0000000800000000)
  region size 2048K, 34 young (69632K), 5 survivors (10240K)
 Metaspace       used 79012K, committed 79680K, reserved 1179648K
  class space    used 9702K, committed 10048K, reserved 1048576K
}
Event: 306.701 GC heap after
{Heap after GC invocations=230 (full 0):
 garbage-first heap   total 888832K, used 723963K [0x0000000709a00000, 0x0000000800000000)
  region size 2048K, 5 young (10240K), 5 survivors (10240K)
 Metaspace       used 79012K, committed 79680K, reserved 1179648K
  class space    used 9702K, committed 10048K, reserved 1048576K
}
Event: 307.310 GC heap before
{Heap before GC invocations=230 (full 0):
 garbage-first heap   total 888832K, used 764923K [0x0000000709a00000, 0x0000000800000000)
  region size 2048K, 25 young (51200K), 5 survivors (10240K)
 Metaspace       used 79013K, committed 79680K, reserved 1179648K
  class space    used 9702K, committed 10048K, reserved 1048576K
}
Event: 307.333 GC heap after
{Heap after GC invocations=231 (full 0):
 garbage-first heap   total 888832K, used 729053K [0x0000000709a00000, 0x0000000800000000)
  region size 2048K, 2 young (4096K), 2 survivors (4096K)
 Metaspace       used 79013K, committed 79680K, reserved 1179648K
  class space    used 9702K, committed 10048K, reserved 1048576K
}
Event: 307.977 GC heap before
{Heap before GC invocations=231 (full 0):
 garbage-first heap   total 888832K, used 767965K [0x0000000709a00000, 0x0000000800000000)
  region size 2048K, 21 young (43008K), 2 survivors (4096K)
 Metaspace       used 79025K, committed 79744K, reserved 1179648K
  class space    used 9704K, committed 10048K, reserved 1048576K
}
Event: 307.993 GC heap after
{Heap after GC invocations=232 (full 0):
 garbage-first heap   total 888832K, used 737556K [0x0000000709a00000, 0x0000000800000000)
  region size 2048K, 3 young (6144K), 3 survivors (6144K)
 Metaspace       used 79025K, committed 79744K, reserved 1179648K
  class space    used 9704K, committed 10048K, reserved 1048576K
}
Event: 308.985 GC heap before
{Heap before GC invocations=232 (full 0):
 garbage-first heap   total 888832K, used 774420K [0x0000000709a00000, 0x0000000800000000)
  region size 2048K, 21 young (43008K), 3 survivors (6144K)
 Metaspace       used 79044K, committed 79808K, reserved 1179648K
  class space    used 9708K, committed 10048K, reserved 1048576K
}
Event: 309.003 GC heap after
{Heap after GC invocations=233 (full 0):
 garbage-first heap   total 888832K, used 743740K [0x0000000709a00000, 0x0000000800000000)
  region size 2048K, 3 young (6144K), 3 survivors (6144K)
 Metaspace       used 79044K, committed 79808K, reserved 1179648K
  class space    used 9708K, committed 10048K, reserved 1048576K
}
Event: 309.472 GC heap before
{Heap before GC invocations=233 (full 0):
 garbage-first heap   total 888832K, used 780604K [0x0000000709a00000, 0x0000000800000000)
  region size 2048K, 21 young (43008K), 3 survivors (6144K)
 Metaspace       used 79045K, committed 79808K, reserved 1179648K
  class space    used 9708K, committed 10048K, reserved 1048576K
}
Event: 309.489 GC heap after
{Heap after GC invocations=234 (full 0):
 garbage-first heap   total 888832K, used 752067K [0x0000000709a00000, 0x0000000800000000)
  region size 2048K, 3 young (6144K), 3 survivors (6144K)
 Metaspace       used 79045K, committed 79808K, reserved 1179648K
  class space    used 9708K, committed 10048K, reserved 1048576K
}
Event: 310.044 GC heap before
{Heap before GC invocations=234 (full 0):
 garbage-first heap   total 888832K, used 788931K [0x0000000709a00000, 0x0000000800000000)
  region size 2048K, 21 young (43008K), 3 survivors (6144K)
 Metaspace       used 79045K, committed 79808K, reserved 1179648K
  class space    used 9708K, committed 10048K, reserved 1048576K
}

