# JRE version: Java(TM) SE Runtime Environment (17.0.16+12) (build 17.0.16+12-LTS-247)
# Java VM: Java HotSpot(TM) 64-Bit Server VM (17.0.16+12-LTS-247, mixed mode, sharing, tiered, compressed oops, compressed class ptrs, g1 gc, windows-amd64)
GC Precious Log:
 CPUs: 8 total, 8 available
 Memory: 15761M
 Large Page Support: Disabled
 NUMA Support: Disabled
 Compressed Oops: Enabled (Zero based)
 Heap Region Size: 2M
 Heap Min Capacity: 8M
 Heap Initial Capacity: 8M
 Heap Max Capacity: 3942M
 Pre-touch: Disabled
 Parallel Workers: 8
 Concurrent Workers: 2
 Concurrent Refinement Workers: 8
 Periodic GC: Disabled
Heap:
 garbage-first heap   total 120832K, used 69191K [0x0000000709a00000, 0x0000000800000000)
  region size 2048K, 2 young (4096K), 2 survivors (4096K)
 Metaspace       used 12059K, committed 12224K, reserved 1114112K
  class space    used 1240K, committed 1344K, reserved 1048576K
GC Heap History (20 events):
Event: 2.953 GC heap after
{Heap after GC invocations=26 (full 0):
 garbage-first heap   total 55296K, used 28313K [0x0000000709a00000, 0x0000000800000000)
  region size 2048K, 1 young (2048K), 1 survivors (2048K)
 Metaspace       used 8360K, committed 8576K, reserved 1114112K
  class space    used 907K, committed 1024K, reserved 1048576K
}
Event: 3.029 GC heap before
{Heap before GC invocations=27 (full 0):
 garbage-first heap   total 55296K, used 34457K [0x0000000709a00000, 0x0000000800000000)
  region size 2048K, 5 young (10240K), 1 survivors (2048K)
 Metaspace       used 8361K, committed 8576K, reserved 1114112K
  class space    used 907K, committed 1024K, reserved 1048576K
}
Event: 3.034 GC heap after
{Heap after GC invocations=28 (full 0):
 garbage-first heap   total 55296K, used 29633K [0x0000000709a00000, 0x0000000800000000)
  region size 2048K, 1 young (2048K), 1 survivors (2048K)
 Metaspace       used 8361K, committed 8576K, reserved 1114112K
  class space    used 907K, committed 1024K, reserved 1048576K
}
Event: 3.116 GC heap before
{Heap before GC invocations=29 (full 0):
 garbage-first heap   total 59392K, used 37825K [0x0000000709a00000, 0x0000000800000000)
  region size 2048K, 5 young (10240K), 1 survivors (2048K)
 Metaspace       used 8372K, committed 8576K, reserved 1114112K
  class space    used 907K, committed 1024K, reserved 1048576K
}
Event: 3.122 GC heap after
{Heap after GC invocations=30 (full 0):
 garbage-first heap   total 59392K, used 31136K [0x0000000709a00000, 0x0000000800000000)
  region size 2048K, 1 young (2048K), 1 survivors (2048K)
 Metaspace       used 8372K, committed 8576K, reserved 1114112K
  class space    used 907K, committed 1024K, reserved 1048576K
}
Event: 3.197 GC heap before
{Heap before GC invocations=30 (full 0):
 garbage-first heap   total 59392K, used 39328K [0x0000000709a00000, 0x0000000800000000)
  region size 2048K, 6 young (12288K), 1 survivors (2048K)
 Metaspace       used 8373K, committed 8576K, reserved 1114112K
  class space    used 907K, committed 1024K, reserved 1048576K
}
Event: 3.204 GC heap after
{Heap after GC invocations=31 (full 0):
 garbage-first heap   total 108544K, used 33687K [0x0000000709a00000, 0x0000000800000000)
  region size 2048K, 1 young (2048K), 1 survivors (2048K)
 Metaspace       used 8373K, committed 8576K, reserved 1114112K
  class space    used 907K, committed 1024K, reserved 1048576K
}
Event: 3.466 GC heap before
{Heap before GC invocations=32 (full 0):
 garbage-first heap   total 108544K, used 66455K [0x0000000709a00000, 0x0000000800000000)
  region size 2048K, 17 young (34816K), 1 survivors (2048K)
 Metaspace       used 8393K, committed 8640K, reserved 1114112K
  class space    used 907K, committed 1024K, reserved 1048576K
}
Event: 3.481 GC heap after
{Heap after GC invocations=33 (full 0):
 garbage-first heap   total 108544K, used 41467K [0x0000000709a00000, 0x0000000800000000)
  region size 2048K, 3 young (6144K), 3 survivors (6144K)
 Metaspace       used 8393K, committed 8640K, reserved 1114112K
  class space    used 907K, committed 1024K, reserved 1048576K
}
Event: 4.234 GC heap before
{Heap before GC invocations=33 (full 0):
 garbage-first heap   total 108544K, used 72187K [0x0000000709a00000, 0x0000000800000000)
  region size 2048K, 16 young (32768K), 3 survivors (6144K)
 Metaspace       used 9028K, committed 9152K, reserved 1114112K
  class space    used 977K, committed 1024K, reserved 1048576K
}
Event: 4.253 GC heap after
{Heap after GC invocations=34 (full 0):
 garbage-first heap   total 108544K, used 48862K [0x0000000709a00000, 0x0000000800000000)
  region size 2048K, 2 young (4096K), 2 survivors (4096K)
 Metaspace       used 9028K, committed 9152K, reserved 1114112K
  class space    used 977K, committed 1024K, reserved 1048576K
}
Event: 4.801 GC heap before
{Heap before GC invocations=34 (full 0):
 garbage-first heap   total 108544K, used 73438K [0x0000000709a00000, 0x0000000800000000)
  region size 2048K, 14 young (28672K), 2 survivors (4096K)
 Metaspace       used 9706K, committed 9856K, reserved 1114112K
  class space    used 1033K, committed 1088K, reserved 1048576K
}
Event: 4.818 GC heap after
{Heap after GC invocations=35 (full 0):
 garbage-first heap   total 108544K, used 55817K [0x0000000709a00000, 0x0000000800000000)
  region size 2048K, 2 young (4096K), 2 survivors (4096K)
 Metaspace       used 9706K, committed 9856K, reserved 1114112K
  class space    used 1033K, committed 1088K, reserved 1048576K
}
Event: 5.128 GC heap before
{Heap before GC invocations=35 (full 0):
 garbage-first heap   total 108544K, used 76297K [0x0000000709a00000, 0x0000000800000000)
  region size 2048K, 12 young (24576K), 2 survivors (4096K)
 Metaspace       used 10021K, committed 10176K, reserved 1114112K
  class space    used 1045K, committed 1088K, reserved 1048576K
}
Event: 5.145 GC heap after
{Heap after GC invocations=36 (full 0):
 garbage-first heap   total 108544K, used 61259K [0x0000000709a00000, 0x0000000800000000)
  region size 2048K, 2 young (4096K), 2 survivors (4096K)
 Metaspace       used 10021K, committed 10176K, reserved 1114112K
  class space    used 1045K, committed 1088K, reserved 1048576K
}
Event: 5.296 GC heap before
{Heap before GC invocations=37 (full 0):
 garbage-first heap   total 112640K, used 71499K [0x0000000709a00000, 0x0000000800000000)
  region size 2048K, 8 young (16384K), 2 survivors (4096K)
 Metaspace       used 10070K, committed 10176K, reserved 1114112K
  class space    used 1048K, committed 1088K, reserved 1048576K
}
Event: 5.313 GC heap after
{Heap after GC invocations=38 (full 0):
 garbage-first heap   total 112640K, used 63956K [0x0000000709a00000, 0x0000000800000000)
  region size 2048K, 1 young (2048K), 1 survivors (2048K)
 Metaspace       used 10070K, committed 10176K, reserved 1114112K
  class space    used 1048K, committed 1088K, reserved 1048576K
}
Event: 5.963 GC heap before
{Heap before GC invocations=39 (full 0):
 garbage-first heap   total 120832K, used 86484K [0x0000000709a00000, 0x0000000800000000)
  region size 2048K, 11 young (22528K), 1 survivors (2048K)
 Metaspace       used 11584K, committed 11776K, reserved 1114112K
  class space    used 1231K, committed 1344K, reserved 1048576K
}
Event: 5.977 GC heap after
{Heap after GC invocations=40 (full 0):
 garbage-first heap   total 120832K, used 67635K [0x0000000709a00000, 0x0000000800000000)
  region size 2048K, 2 young (4096K), 2 survivors (4096K)
 Metaspace       used 11584K, committed 11776K, reserved 1114112K
  class space    used 1231K, committed 1344K, reserved 1048576K
}
Event: 6.565 GC heap before
{Heap before GC invocations=40 (full 0):
 garbage-first heap   total 120832K, used 92211K [0x0000000709a00000, 0x0000000800000000)
  region size 2048K, 14 young (28672K), 2 survivors (4096K)
 Metaspace       used 12059K, committed 12224K, reserved 1114112K
  class space    used 1240K, committed 1344K, reserved 1048576K
}

